<?xml version="1.0" encoding="UTF-8"?>
<!-- Generated by org.testng.reporters.JUnitReportReporter -->
<testsuite skipped="0" hostname="LAPTOP-K2O2H7IQ" name="platform_Sign_up.Reports" tests="1" failures="0" timestamp="06 Nov 2020 10:11:20 GMT" time="0.411" errors="0">
  <testcase name="Registration" time="0.411" classname="platform_Sign_up.Reports"/>
</testsuite> <!-- platform_Sign_up.Reports -->
